[INFO] Error stacktraces are turned on.
[INFO] Scanning for projects...
[WARNING] 
[WARNING] Some problems were encountered while building the effective model for io.github.vilaided:euphoria-common:jar:1.0.1-SNAPSHOT
[WARNING] 'dependencies.dependency.(groupId:artifactId:type:classifier)' must be unique: org.projectlombok:lombok:jar -> duplicate declaration of version 1.18.24 @ line 63, column 21
[WARNING] 
[WARNING] It is highly recommended to fix these problems because they threaten the stability of your build.
[WARNING] 
[WARNING] For this reason, future Maven versions might no longer support building such malformed projects.
[WARNING] 
[INFO] Inspecting build with total of 1 modules...
[INFO] Installing Nexus Staging features:
[INFO]   ... total of 1 executions of maven-deploy-plugin replaced with nexus-staging-maven-plugin
[INFO] 
[INFO] -----------------< io.github.vilaided:euphoria-common >-----------------
[INFO] Building euphoria-common 1.0.1-SNAPSHOT
[INFO] --------------------------------[ jar ]---------------------------------
[INFO] 
[INFO] --- maven-release-plugin:2.5.3:clean (default-cli) @ euphoria-common ---
[INFO] Cleaning up after release...
[INFO] 
[INFO] --- maven-release-plugin:2.5.3:prepare (default-cli) @ euphoria-common ---
[INFO] Verifying that there are no local modifications...
[INFO]   ignoring changes on: **/pom.xml.releaseBackup, **/pom.xml.next, **/pom.xml.tag, **/pom.xml.branch, **/release.properties, **/pom.xml.backup
[INFO] Executing: /bin/sh -c cd /home/pkzero/project/JavaProject/euphoria-common && git rev-parse --show-toplevel
[INFO] Working directory: /home/pkzero/project/JavaProject/euphoria-common
[INFO] Executing: /bin/sh -c cd /home/pkzero/project/JavaProject/euphoria-common && git status --porcelain .
[INFO] Working directory: /home/pkzero/project/JavaProject/euphoria-common
[WARNING] Ignoring unrecognized line: ?? maven-central-deploy.log
[WARNING] Ignoring unrecognized line: ?? release.properties
[INFO] ------------------------------------------------------------------------
[INFO] BUILD FAILURE
[INFO] ------------------------------------------------------------------------
[INFO] Total time:  1.404 s
[INFO] Finished at: 2022-11-20T18:08:11+07:00
[INFO] ------------------------------------------------------------------------
[ERROR] Failed to execute goal org.apache.maven.plugins:maven-release-plugin:2.5.3:prepare (default-cli) on project euphoria-common: Cannot prepare the release because you have local modifications : 
[ERROR] [pom.xml:modified]
[ERROR] [src/main/java/com/euphoria/common/ResponseCustom.java:modified]
[ERROR] [src/main/java/com/euphoria/common/StatusMessage.java:deleted]
[ERROR] [src/main/java/com/euphoria/common/domain/model/UserInfo.java:added]
[ERROR] [src/main/java/com/euphoria/common/domain/model/UserPrincipal.java:added]
[ERROR] [src/main/java/com/euphoria/common/domain/model/enums/Role.java:added]
[ERROR] [target/apidocs/allclasses-index.html:modified]
[ERROR] [target/apidocs/allclasses.html:modified]
[ERROR] [target/apidocs/allpackages-index.html:modified]
[ERROR] [target/apidocs/com/euphoria/common/ResponseCustom.html:modified]
[ERROR] [target/apidocs/com/euphoria/common/StatusMessage.html:deleted]
[ERROR] [target/apidocs/com/euphoria/common/class-use/ResponseCustom.html:modified]
[ERROR] [target/apidocs/com/euphoria/common/class-use/StatusMessage.html:deleted]
[ERROR] [target/apidocs/com/euphoria/common/package-summary.html:modified]
[ERROR] [target/apidocs/com/euphoria/common/package-tree.html:modified]
[ERROR] [target/apidocs/com/euphoria/common/package-use.html:modified]
[ERROR] [target/apidocs/constant-values.html:modified]
[ERROR] [target/apidocs/deprecated-list.html:modified]
[ERROR] [target/apidocs/element-list:modified]
[ERROR] [target/apidocs/help-doc.html:modified]
[ERROR] [target/apidocs/index-all.html:modified]
[ERROR] [target/apidocs/index.html:modified]
[ERROR] [target/apidocs/member-search-index.js:modified]
[ERROR] [target/apidocs/member-search-index.zip:modified]
[ERROR] [target/apidocs/overview-tree.html:modified]
[ERROR] [target/apidocs/package-search-index.js:modified]
[ERROR] [target/apidocs/package-search-index.zip:modified]
[ERROR] [target/apidocs/type-search-index.js:modified]
[ERROR] [target/apidocs/type-search-index.zip:modified]
[ERROR] [target/classes/com/euphoria/common/ResponseCustom$ResponseCustomBuilder.class:modified]
[ERROR] [target/classes/com/euphoria/common/ResponseCustom.class:modified]
[ERROR] [target/classes/com/euphoria/common/StatusMessage.class:deleted]
[ERROR] [target/euphoria-common-1.0-SNAPSHOT-javadoc.jar:deleted]
[ERROR] [target/euphoria-common-1.0-SNAPSHOT-javadoc.jar.asc:deleted]
[ERROR] [target/euphoria-common-1.0-SNAPSHOT-sources.jar:deleted]
[ERROR] [target/euphoria-common-1.0-SNAPSHOT-sources.jar.asc:deleted]
[ERROR] [target/euphoria-common-1.0-SNAPSHOT.jar:deleted]
[ERROR] [target/euphoria-common-1.0-SNAPSHOT.jar.asc:deleted]
[ERROR] [target/euphoria-common-1.0-SNAPSHOT.pom:deleted]
[ERROR] [target/euphoria-common-1.0-SNAPSHOT.pom.asc:deleted]
[ERROR] [target/maven-archiver/pom.properties:modified]
[ERROR] [target/maven-status/maven-compiler-plugin/compile/default-compile/createdFiles.lst:modified]
[ERROR] [target/maven-status/maven-compiler-plugin/compile/default-compile/inputFiles.lst:modified]
[ERROR] [target/nexus-staging/deferred/.index:modified]
[ERROR] [target/nexus-staging/deferred/io/github/vilaided/euphoria-common/1.0-SNAPSHOT/euphoria-common-1.0-SNAPSHOT-javadoc.jar:deleted]
[ERROR] [target/nexus-staging/deferred/io/github/vilaided/euphoria-common/1.0-SNAPSHOT/euphoria-common-1.0-SNAPSHOT-javadoc.jar.asc:deleted]
[ERROR] [target/nexus-staging/deferred/io/github/vilaided/euphoria-common/1.0-SNAPSHOT/euphoria-common-1.0-SNAPSHOT-sources.jar:deleted]
[ERROR] [target/nexus-staging/deferred/io/github/vilaided/euphoria-common/1.0-SNAPSHOT/euphoria-common-1.0-SNAPSHOT-sources.jar.asc:deleted]
[ERROR] [target/nexus-staging/deferred/io/github/vilaided/euphoria-common/1.0-SNAPSHOT/euphoria-common-1.0-SNAPSHOT.jar:deleted]
[ERROR] [target/nexus-staging/deferred/io/github/vilaided/euphoria-common/1.0-SNAPSHOT/euphoria-common-1.0-SNAPSHOT.jar.asc:deleted]
[ERROR] [target/nexus-staging/deferred/io/github/vilaided/euphoria-common/1.0-SNAPSHOT/euphoria-common-1.0-SNAPSHOT.pom:deleted]
[ERROR] [target/nexus-staging/deferred/io/github/vilaided/euphoria-common/1.0-SNAPSHOT/euphoria-common-1.0-SNAPSHOT.pom.asc:deleted]
[ERROR] [target/nexus-staging/deferred/io/github/vilaided/euphoria-common/1.0-SNAPSHOT/maven-metadata-nexus.xml:deleted]
[ERROR] [target/nexus-staging/deferred/io/github/vilaided/euphoria-common/maven-metadata-nexus.xml:modified]
[ERROR] -> [Help 1]
org.apache.maven.lifecycle.LifecycleExecutionException: Failed to execute goal org.apache.maven.plugins:maven-release-plugin:2.5.3:prepare (default-cli) on project euphoria-common: Cannot prepare the release because you have local modifications : 
[pom.xml:modified]
[src/main/java/com/euphoria/common/ResponseCustom.java:modified]
[src/main/java/com/euphoria/common/StatusMessage.java:deleted]
[src/main/java/com/euphoria/common/domain/model/UserInfo.java:added]
[src/main/java/com/euphoria/common/domain/model/UserPrincipal.java:added]
[src/main/java/com/euphoria/common/domain/model/enums/Role.java:added]
[target/apidocs/allclasses-index.html:modified]
[target/apidocs/allclasses.html:modified]
[target/apidocs/allpackages-index.html:modified]
[target/apidocs/com/euphoria/common/ResponseCustom.html:modified]
[target/apidocs/com/euphoria/common/StatusMessage.html:deleted]
[target/apidocs/com/euphoria/common/class-use/ResponseCustom.html:modified]
[target/apidocs/com/euphoria/common/class-use/StatusMessage.html:deleted]
[target/apidocs/com/euphoria/common/package-summary.html:modified]
[target/apidocs/com/euphoria/common/package-tree.html:modified]
[target/apidocs/com/euphoria/common/package-use.html:modified]
[target/apidocs/constant-values.html:modified]
[target/apidocs/deprecated-list.html:modified]
[target/apidocs/element-list:modified]
[target/apidocs/help-doc.html:modified]
[target/apidocs/index-all.html:modified]
[target/apidocs/index.html:modified]
[target/apidocs/member-search-index.js:modified]
[target/apidocs/member-search-index.zip:modified]
[target/apidocs/overview-tree.html:modified]
[target/apidocs/package-search-index.js:modified]
[target/apidocs/package-search-index.zip:modified]
[target/apidocs/type-search-index.js:modified]
[target/apidocs/type-search-index.zip:modified]
[target/classes/com/euphoria/common/ResponseCustom$ResponseCustomBuilder.class:modified]
[target/classes/com/euphoria/common/ResponseCustom.class:modified]
[target/classes/com/euphoria/common/StatusMessage.class:deleted]
[target/euphoria-common-1.0-SNAPSHOT-javadoc.jar:deleted]
[target/euphoria-common-1.0-SNAPSHOT-javadoc.jar.asc:deleted]
[target/euphoria-common-1.0-SNAPSHOT-sources.jar:deleted]
[target/euphoria-common-1.0-SNAPSHOT-sources.jar.asc:deleted]
[target/euphoria-common-1.0-SNAPSHOT.jar:deleted]
[target/euphoria-common-1.0-SNAPSHOT.jar.asc:deleted]
[target/euphoria-common-1.0-SNAPSHOT.pom:deleted]
[target/euphoria-common-1.0-SNAPSHOT.pom.asc:deleted]
[target/maven-archiver/pom.properties:modified]
[target/maven-status/maven-compiler-plugin/compile/default-compile/createdFiles.lst:modified]
[target/maven-status/maven-compiler-plugin/compile/default-compile/inputFiles.lst:modified]
[target/nexus-staging/deferred/.index:modified]
[target/nexus-staging/deferred/io/github/vilaided/euphoria-common/1.0-SNAPSHOT/euphoria-common-1.0-SNAPSHOT-javadoc.jar:deleted]
[target/nexus-staging/deferred/io/github/vilaided/euphoria-common/1.0-SNAPSHOT/euphoria-common-1.0-SNAPSHOT-javadoc.jar.asc:deleted]
[target/nexus-staging/deferred/io/github/vilaided/euphoria-common/1.0-SNAPSHOT/euphoria-common-1.0-SNAPSHOT-sources.jar:deleted]
[target/nexus-staging/deferred/io/github/vilaided/euphoria-common/1.0-SNAPSHOT/euphoria-common-1.0-SNAPSHOT-sources.jar.asc:deleted]
[target/nexus-staging/deferred/io/github/vilaided/euphoria-common/1.0-SNAPSHOT/euphoria-common-1.0-SNAPSHOT.jar:deleted]
[target/nexus-staging/deferred/io/github/vilaided/euphoria-common/1.0-SNAPSHOT/euphoria-common-1.0-SNAPSHOT.jar.asc:deleted]
[target/nexus-staging/deferred/io/github/vilaided/euphoria-common/1.0-SNAPSHOT/euphoria-common-1.0-SNAPSHOT.pom:deleted]
[target/nexus-staging/deferred/io/github/vilaided/euphoria-common/1.0-SNAPSHOT/euphoria-common-1.0-SNAPSHOT.pom.asc:deleted]
[target/nexus-staging/deferred/io/github/vilaided/euphoria-common/1.0-SNAPSHOT/maven-metadata-nexus.xml:deleted]
[target/nexus-staging/deferred/io/github/vilaided/euphoria-common/maven-metadata-nexus.xml:modified]

    at org.apache.maven.lifecycle.internal.MojoExecutor.execute (MojoExecutor.java:215)
    at org.apache.maven.lifecycle.internal.MojoExecutor.execute (MojoExecutor.java:156)
    at org.apache.maven.lifecycle.internal.MojoExecutor.execute (MojoExecutor.java:148)
    at org.apache.maven.lifecycle.internal.LifecycleModuleBuilder.buildProject (LifecycleModuleBuilder.java:117)
    at org.apache.maven.lifecycle.internal.LifecycleModuleBuilder.buildProject (LifecycleModuleBuilder.java:81)
    at org.apache.maven.lifecycle.internal.builder.singlethreaded.SingleThreadedBuilder.build (SingleThreadedBuilder.java:56)
    at org.apache.maven.lifecycle.internal.LifecycleStarter.execute (LifecycleStarter.java:128)
    at org.apache.maven.DefaultMaven.doExecute (DefaultMaven.java:305)
    at org.apache.maven.DefaultMaven.doExecute (DefaultMaven.java:192)
    at org.apache.maven.DefaultMaven.execute (DefaultMaven.java:105)
    at org.apache.maven.cli.MavenCli.execute (MavenCli.java:957)
    at org.apache.maven.cli.MavenCli.doMain (MavenCli.java:289)
    at org.apache.maven.cli.MavenCli.main (MavenCli.java:193)
    at jdk.internal.reflect.NativeMethodAccessorImpl.invoke0 (Native Method)
    at jdk.internal.reflect.NativeMethodAccessorImpl.invoke (NativeMethodAccessorImpl.java:62)
    at jdk.internal.reflect.DelegatingMethodAccessorImpl.invoke (DelegatingMethodAccessorImpl.java:43)
    at java.lang.reflect.Method.invoke (Method.java:566)
    at org.codehaus.plexus.classworlds.launcher.Launcher.launchEnhanced (Launcher.java:282)
    at org.codehaus.plexus.classworlds.launcher.Launcher.launch (Launcher.java:225)
    at org.codehaus.plexus.classworlds.launcher.Launcher.mainWithExitCode (Launcher.java:406)
    at org.codehaus.plexus.classworlds.launcher.Launcher.main (Launcher.java:347)
Caused by: org.apache.maven.plugin.MojoFailureException: Cannot prepare the release because you have local modifications : 
[pom.xml:modified]
[src/main/java/com/euphoria/common/ResponseCustom.java:modified]
[src/main/java/com/euphoria/common/StatusMessage.java:deleted]
[src/main/java/com/euphoria/common/domain/model/UserInfo.java:added]
[src/main/java/com/euphoria/common/domain/model/UserPrincipal.java:added]
[src/main/java/com/euphoria/common/domain/model/enums/Role.java:added]
[target/apidocs/allclasses-index.html:modified]
[target/apidocs/allclasses.html:modified]
[target/apidocs/allpackages-index.html:modified]
[target/apidocs/com/euphoria/common/ResponseCustom.html:modified]
[target/apidocs/com/euphoria/common/StatusMessage.html:deleted]
[target/apidocs/com/euphoria/common/class-use/ResponseCustom.html:modified]
[target/apidocs/com/euphoria/common/class-use/StatusMessage.html:deleted]
[target/apidocs/com/euphoria/common/package-summary.html:modified]
[target/apidocs/com/euphoria/common/package-tree.html:modified]
[target/apidocs/com/euphoria/common/package-use.html:modified]
[target/apidocs/constant-values.html:modified]
[target/apidocs/deprecated-list.html:modified]
[target/apidocs/element-list:modified]
[target/apidocs/help-doc.html:modified]
[target/apidocs/index-all.html:modified]
[target/apidocs/index.html:modified]
[target/apidocs/member-search-index.js:modified]
[target/apidocs/member-search-index.zip:modified]
[target/apidocs/overview-tree.html:modified]
[target/apidocs/package-search-index.js:modified]
[target/apidocs/package-search-index.zip:modified]
[target/apidocs/type-search-index.js:modified]
[target/apidocs/type-search-index.zip:modified]
[target/classes/com/euphoria/common/ResponseCustom$ResponseCustomBuilder.class:modified]
[target/classes/com/euphoria/common/ResponseCustom.class:modified]
[target/classes/com/euphoria/common/StatusMessage.class:deleted]
[target/euphoria-common-1.0-SNAPSHOT-javadoc.jar:deleted]
[target/euphoria-common-1.0-SNAPSHOT-javadoc.jar.asc:deleted]
[target/euphoria-common-1.0-SNAPSHOT-sources.jar:deleted]
[target/euphoria-common-1.0-SNAPSHOT-sources.jar.asc:deleted]
[target/euphoria-common-1.0-SNAPSHOT.jar:deleted]
[target/euphoria-common-1.0-SNAPSHOT.jar.asc:deleted]
[target/euphoria-common-1.0-SNAPSHOT.pom:deleted]
[target/euphoria-common-1.0-SNAPSHOT.pom.asc:deleted]
[target/maven-archiver/pom.properties:modified]
[target/maven-status/maven-compiler-plugin/compile/default-compile/createdFiles.lst:modified]
[target/maven-status/maven-compiler-plugin/compile/default-compile/inputFiles.lst:modified]
[target/nexus-staging/deferred/.index:modified]
[target/nexus-staging/deferred/io/github/vilaided/euphoria-common/1.0-SNAPSHOT/euphoria-common-1.0-SNAPSHOT-javadoc.jar:deleted]
[target/nexus-staging/deferred/io/github/vilaided/euphoria-common/1.0-SNAPSHOT/euphoria-common-1.0-SNAPSHOT-javadoc.jar.asc:deleted]
[target/nexus-staging/deferred/io/github/vilaided/euphoria-common/1.0-SNAPSHOT/euphoria-common-1.0-SNAPSHOT-sources.jar:deleted]
[target/nexus-staging/deferred/io/github/vilaided/euphoria-common/1.0-SNAPSHOT/euphoria-common-1.0-SNAPSHOT-sources.jar.asc:deleted]
[target/nexus-staging/deferred/io/github/vilaided/euphoria-common/1.0-SNAPSHOT/euphoria-common-1.0-SNAPSHOT.jar:deleted]
[target/nexus-staging/deferred/io/github/vilaided/euphoria-common/1.0-SNAPSHOT/euphoria-common-1.0-SNAPSHOT.jar.asc:deleted]
[target/nexus-staging/deferred/io/github/vilaided/euphoria-common/1.0-SNAPSHOT/euphoria-common-1.0-SNAPSHOT.pom:deleted]
[target/nexus-staging/deferred/io/github/vilaided/euphoria-common/1.0-SNAPSHOT/euphoria-common-1.0-SNAPSHOT.pom.asc:deleted]
[target/nexus-staging/deferred/io/github/vilaided/euphoria-common/1.0-SNAPSHOT/maven-metadata-nexus.xml:deleted]
[target/nexus-staging/deferred/io/github/vilaided/euphoria-common/maven-metadata-nexus.xml:modified]

    at org.apache.maven.plugins.release.PrepareReleaseMojo.prepareRelease (PrepareReleaseMojo.java:294)
    at org.apache.maven.plugins.release.PrepareReleaseMojo.execute (PrepareReleaseMojo.java:240)
    at org.apache.maven.plugin.DefaultBuildPluginManager.executeMojo (DefaultBuildPluginManager.java:137)
    at org.apache.maven.lifecycle.internal.MojoExecutor.execute (MojoExecutor.java:210)
    at org.apache.maven.lifecycle.internal.MojoExecutor.execute (MojoExecutor.java:156)
    at org.apache.maven.lifecycle.internal.MojoExecutor.execute (MojoExecutor.java:148)
    at org.apache.maven.lifecycle.internal.LifecycleModuleBuilder.buildProject (LifecycleModuleBuilder.java:117)
    at org.apache.maven.lifecycle.internal.LifecycleModuleBuilder.buildProject (LifecycleModuleBuilder.java:81)
    at org.apache.maven.lifecycle.internal.builder.singlethreaded.SingleThreadedBuilder.build (SingleThreadedBuilder.java:56)
    at org.apache.maven.lifecycle.internal.LifecycleStarter.execute (LifecycleStarter.java:128)
    at org.apache.maven.DefaultMaven.doExecute (DefaultMaven.java:305)
    at org.apache.maven.DefaultMaven.doExecute (DefaultMaven.java:192)
    at org.apache.maven.DefaultMaven.execute (DefaultMaven.java:105)
    at org.apache.maven.cli.MavenCli.execute (MavenCli.java:957)
    at org.apache.maven.cli.MavenCli.doMain (MavenCli.java:289)
    at org.apache.maven.cli.MavenCli.main (MavenCli.java:193)
    at jdk.internal.reflect.NativeMethodAccessorImpl.invoke0 (Native Method)
    at jdk.internal.reflect.NativeMethodAccessorImpl.invoke (NativeMethodAccessorImpl.java:62)
    at jdk.internal.reflect.DelegatingMethodAccessorImpl.invoke (DelegatingMethodAccessorImpl.java:43)
    at java.lang.reflect.Method.invoke (Method.java:566)
    at org.codehaus.plexus.classworlds.launcher.Launcher.launchEnhanced (Launcher.java:282)
    at org.codehaus.plexus.classworlds.launcher.Launcher.launch (Launcher.java:225)
    at org.codehaus.plexus.classworlds.launcher.Launcher.mainWithExitCode (Launcher.java:406)
    at org.codehaus.plexus.classworlds.launcher.Launcher.main (Launcher.java:347)
Caused by: org.apache.maven.shared.release.ReleaseFailureException: Cannot prepare the release because you have local modifications : 
[pom.xml:modified]
[src/main/java/com/euphoria/common/ResponseCustom.java:modified]
[src/main/java/com/euphoria/common/StatusMessage.java:deleted]
[src/main/java/com/euphoria/common/domain/model/UserInfo.java:added]
[src/main/java/com/euphoria/common/domain/model/UserPrincipal.java:added]
[src/main/java/com/euphoria/common/domain/model/enums/Role.java:added]
[target/apidocs/allclasses-index.html:modified]
[target/apidocs/allclasses.html:modified]
[target/apidocs/allpackages-index.html:modified]
[target/apidocs/com/euphoria/common/ResponseCustom.html:modified]
[target/apidocs/com/euphoria/common/StatusMessage.html:deleted]
[target/apidocs/com/euphoria/common/class-use/ResponseCustom.html:modified]
[target/apidocs/com/euphoria/common/class-use/StatusMessage.html:deleted]
[target/apidocs/com/euphoria/common/package-summary.html:modified]
[target/apidocs/com/euphoria/common/package-tree.html:modified]
[target/apidocs/com/euphoria/common/package-use.html:modified]
[target/apidocs/constant-values.html:modified]
[target/apidocs/deprecated-list.html:modified]
[target/apidocs/element-list:modified]
[target/apidocs/help-doc.html:modified]
[target/apidocs/index-all.html:modified]
[target/apidocs/index.html:modified]
[target/apidocs/member-search-index.js:modified]
[target/apidocs/member-search-index.zip:modified]
[target/apidocs/overview-tree.html:modified]
[target/apidocs/package-search-index.js:modified]
[target/apidocs/package-search-index.zip:modified]
[target/apidocs/type-search-index.js:modified]
[target/apidocs/type-search-index.zip:modified]
[target/classes/com/euphoria/common/ResponseCustom$ResponseCustomBuilder.class:modified]
[target/classes/com/euphoria/common/ResponseCustom.class:modified]
[target/classes/com/euphoria/common/StatusMessage.class:deleted]
[target/euphoria-common-1.0-SNAPSHOT-javadoc.jar:deleted]
[target/euphoria-common-1.0-SNAPSHOT-javadoc.jar.asc:deleted]
[target/euphoria-common-1.0-SNAPSHOT-sources.jar:deleted]
[target/euphoria-common-1.0-SNAPSHOT-sources.jar.asc:deleted]
[target/euphoria-common-1.0-SNAPSHOT.jar:deleted]
[target/euphoria-common-1.0-SNAPSHOT.jar.asc:deleted]
[target/euphoria-common-1.0-SNAPSHOT.pom:deleted]
[target/euphoria-common-1.0-SNAPSHOT.pom.asc:deleted]
[target/maven-archiver/pom.properties:modified]
[target/maven-status/maven-compiler-plugin/compile/default-compile/createdFiles.lst:modified]
[target/maven-status/maven-compiler-plugin/compile/default-compile/inputFiles.lst:modified]
[target/nexus-staging/deferred/.index:modified]
[target/nexus-staging/deferred/io/github/vilaided/euphoria-common/1.0-SNAPSHOT/euphoria-common-1.0-SNAPSHOT-javadoc.jar:deleted]
[target/nexus-staging/deferred/io/github/vilaided/euphoria-common/1.0-SNAPSHOT/euphoria-common-1.0-SNAPSHOT-javadoc.jar.asc:deleted]
[target/nexus-staging/deferred/io/github/vilaided/euphoria-common/1.0-SNAPSHOT/euphoria-common-1.0-SNAPSHOT-sources.jar:deleted]
[target/nexus-staging/deferred/io/github/vilaided/euphoria-common/1.0-SNAPSHOT/euphoria-common-1.0-SNAPSHOT-sources.jar.asc:deleted]
[target/nexus-staging/deferred/io/github/vilaided/euphoria-common/1.0-SNAPSHOT/euphoria-common-1.0-SNAPSHOT.jar:deleted]
[target/nexus-staging/deferred/io/github/vilaided/euphoria-common/1.0-SNAPSHOT/euphoria-common-1.0-SNAPSHOT.jar.asc:deleted]
[target/nexus-staging/deferred/io/github/vilaided/euphoria-common/1.0-SNAPSHOT/euphoria-common-1.0-SNAPSHOT.pom:deleted]
[target/nexus-staging/deferred/io/github/vilaided/euphoria-common/1.0-SNAPSHOT/euphoria-common-1.0-SNAPSHOT.pom.asc:deleted]
[target/nexus-staging/deferred/io/github/vilaided/euphoria-common/1.0-SNAPSHOT/maven-metadata-nexus.xml:deleted]
[target/nexus-staging/deferred/io/github/vilaided/euphoria-common/maven-metadata-nexus.xml:modified]

    at org.apache.maven.shared.release.phase.ScmCheckModificationsPhase.execute (ScmCheckModificationsPhase.java:188)
    at org.apache.maven.shared.release.DefaultReleaseManager.prepare (DefaultReleaseManager.java:234)
    at org.apache.maven.shared.release.DefaultReleaseManager.prepare (DefaultReleaseManager.java:169)
    at org.apache.maven.shared.release.DefaultReleaseManager.prepare (DefaultReleaseManager.java:146)
    at org.apache.maven.shared.release.DefaultReleaseManager.prepare (DefaultReleaseManager.java:107)
    at org.apache.maven.plugins.release.PrepareReleaseMojo.prepareRelease (PrepareReleaseMojo.java:286)
    at org.apache.maven.plugins.release.PrepareReleaseMojo.execute (PrepareReleaseMojo.java:240)
    at org.apache.maven.plugin.DefaultBuildPluginManager.executeMojo (DefaultBuildPluginManager.java:137)
    at org.apache.maven.lifecycle.internal.MojoExecutor.execute (MojoExecutor.java:210)
    at org.apache.maven.lifecycle.internal.MojoExecutor.execute (MojoExecutor.java:156)
    at org.apache.maven.lifecycle.internal.MojoExecutor.execute (MojoExecutor.java:148)
    at org.apache.maven.lifecycle.internal.LifecycleModuleBuilder.buildProject (LifecycleModuleBuilder.java:117)
    at org.apache.maven.lifecycle.internal.LifecycleModuleBuilder.buildProject (LifecycleModuleBuilder.java:81)
    at org.apache.maven.lifecycle.internal.builder.singlethreaded.SingleThreadedBuilder.build (SingleThreadedBuilder.java:56)
    at org.apache.maven.lifecycle.internal.LifecycleStarter.execute (LifecycleStarter.java:128)
    at org.apache.maven.DefaultMaven.doExecute (DefaultMaven.java:305)
    at org.apache.maven.DefaultMaven.doExecute (DefaultMaven.java:192)
    at org.apache.maven.DefaultMaven.execute (DefaultMaven.java:105)
    at org.apache.maven.cli.MavenCli.execute (MavenCli.java:957)
    at org.apache.maven.cli.MavenCli.doMain (MavenCli.java:289)
    at org.apache.maven.cli.MavenCli.main (MavenCli.java:193)
    at jdk.internal.reflect.NativeMethodAccessorImpl.invoke0 (Native Method)
    at jdk.internal.reflect.NativeMethodAccessorImpl.invoke (NativeMethodAccessorImpl.java:62)
    at jdk.internal.reflect.DelegatingMethodAccessorImpl.invoke (DelegatingMethodAccessorImpl.java:43)
    at java.lang.reflect.Method.invoke (Method.java:566)
    at org.codehaus.plexus.classworlds.launcher.Launcher.launchEnhanced (Launcher.java:282)
    at org.codehaus.plexus.classworlds.launcher.Launcher.launch (Launcher.java:225)
    at org.codehaus.plexus.classworlds.launcher.Launcher.mainWithExitCode (Launcher.java:406)
    at org.codehaus.plexus.classworlds.launcher.Launcher.main (Launcher.java:347)
[ERROR] 
[ERROR] Re-run Maven using the -X switch to enable full debug logging.
[ERROR] 
[ERROR] For more information about the errors and possible solutions, please read the following articles:
[ERROR] [Help 1] http://cwiki.apache.org/confluence/display/MAVEN/MojoFailureException
[0m[0m